c:\hlocal\tpv-i\practicas\practica1\proyectossdl\holasdl\debug\vc142.pdb
c:\hlocal\tpv-i\practicas\practica1\proyectossdl\holasdl\debug\vc142.idb
c:\hlocal\tpv-i\practicas\practica1\proyectossdl\holasdl\debug\main.obj
c:\users\ampac\documents\git_repositorios\ucm_repos\tpv-i\practicas\practica1\proyectossdl\holasdl\debug\vc142.pdb
c:\users\ampac\documents\git_repositorios\ucm_repos\tpv-i\practicas\practica1\proyectossdl\holasdl\debug\vc142.idb
c:\users\ampac\documents\git_repositorios\ucm_repos\tpv-i\practicas\practica1\proyectossdl\holasdl\debug\vector2d.obj
c:\users\ampac\documents\git_repositorios\ucm_repos\tpv-i\practicas\practica1\proyectossdl\holasdl\debug\main.obj
c:\users\ampac\documents\git_repositorios\ucm_repos\tpv-i\practicas\practica1\proyectossdl\holasdl\debug\gamemap.obj
c:\users\ampac\documents\git_repositorios\ucm_repos\tpv-i\practicas\practica1\proyectossdl\holasdl\debug\game.obj
c:\hlocal\tpv-i\practicas\practica1\proyectossdl\bin\holasdldebug.ilk
c:\hlocal\tpv-i\practicas\practica1\proyectossdl\bin\holasdldebug.exe
c:\hlocal\tpv-i\practicas\practica1\proyectossdl\bin\holasdldebug.pdb
c:\users\ampac\documents\git_repositorios\ucm_repos\tpv-i\practicas\practica1\proyectossdl\bin\holasdldebug.pdb
c:\users\ampac\documents\git_repositorios\ucm_repos\tpv-i\practicas\practica1\proyectossdl\bin\holasdldebug.exe
c:\users\ampac\documents\git_repositorios\ucm_repos\tpv-i\practicas\practica1\proyectossdl\bin\holasdldebug.ilk
c:\users\ampac\documents\git_repositorios\ucm_repos\tpv-i\practicas\practica1\proyectossdl\holasdl\debug\holasdl.tlog\cl.command.1.tlog
c:\users\ampac\documents\git_repositorios\ucm_repos\tpv-i\practicas\practica1\proyectossdl\holasdl\debug\holasdl.tlog\cl.read.1.tlog
c:\users\ampac\documents\git_repositorios\ucm_repos\tpv-i\practicas\practica1\proyectossdl\holasdl\debug\holasdl.tlog\cl.write.1.tlog
c:\users\ampac\documents\git_repositorios\ucm_repos\tpv-i\practicas\practica1\proyectossdl\holasdl\debug\holasdl.tlog\link.command.1.tlog
c:\users\ampac\documents\git_repositorios\ucm_repos\tpv-i\practicas\practica1\proyectossdl\holasdl\debug\holasdl.tlog\link.read.1.tlog
c:\users\ampac\documents\git_repositorios\ucm_repos\tpv-i\practicas\practica1\proyectossdl\holasdl\debug\holasdl.tlog\link.write.1.tlog
