﻿  Game.cpp
C:\Users\Dragomante\Documents\GitHub\TPV-I\Practicas\Practica1\ProyectosSDL\HolaSDL\Vector2D.h(14,70): warning C4244: 'argumento': conversión de 'double' a 'int'; posible pérdida de datos
C:\Users\Dragomante\Documents\GitHub\TPV-I\Practicas\Practica1\ProyectosSDL\HolaSDL\Vector2D.h(14,55): warning C4244: 'argumento': conversión de 'double' a 'int'; posible pérdida de datos
C:\Users\Dragomante\Documents\GitHub\TPV-I\Practicas\Practica1\ProyectosSDL\HolaSDL\Vector2D.h(16,71): warning C4244: 'argumento': conversión de 'double' a 'int'; posible pérdida de datos
C:\Users\Dragomante\Documents\GitHub\TPV-I\Practicas\Practica1\ProyectosSDL\HolaSDL\Vector2D.h(16,56): warning C4244: 'argumento': conversión de 'double' a 'int'; posible pérdida de datos
C:\Users\Dragomante\Documents\GitHub\TPV-I\Practicas\Practica1\ProyectosSDL\HolaSDL\Vector2D.h(18,74): warning C4244: 'argumento': conversión de 'double' a 'int'; posible pérdida de datos
C:\Users\Dragomante\Documents\GitHub\TPV-I\Practicas\Practica1\ProyectosSDL\HolaSDL\Vector2D.h(18,61): warning C4244: 'argumento': conversión de 'double' a 'int'; posible pérdida de datos
C:\Users\Dragomante\Documents\GitHub\TPV-I\Practicas\Practica1\ProyectosSDL\HolaSDL\Vector2D.h(19,76): warning C4244: 'argumento': conversión de 'double' a 'int'; posible pérdida de datos
C:\Users\Dragomante\Documents\GitHub\TPV-I\Practicas\Practica1\ProyectosSDL\HolaSDL\Vector2D.h(19,61): warning C4244: 'argumento': conversión de 'double' a 'int'; posible pérdida de datos
C:\Users\Dragomante\Documents\GitHub\TPV-I\Practicas\Practica1\ProyectosSDL\HolaSDL\Game.cpp(108,43): warning C4244: 'argumento': conversión de 'double' a 'int'; posible pérdida de datos
C:\Users\Dragomante\Documents\GitHub\TPV-I\Practicas\Practica1\ProyectosSDL\HolaSDL\Game.cpp(108,31): warning C4244: 'argumento': conversión de 'double' a 'int'; posible pérdida de datos
C:\Users\Dragomante\Documents\GitHub\TPV-I\Practicas\Practica1\ProyectosSDL\HolaSDL\Game.cpp(114,43): warning C4244: 'argumento': conversión de 'double' a 'int'; posible pérdida de datos
C:\Users\Dragomante\Documents\GitHub\TPV-I\Practicas\Practica1\ProyectosSDL\HolaSDL\Game.cpp(114,31): warning C4244: 'argumento': conversión de 'double' a 'int'; posible pérdida de datos
C:\Users\Dragomante\Documents\GitHub\TPV-I\Practicas\Practica1\ProyectosSDL\HolaSDL\Game.cpp(133,43): warning C4244: 'argumento': conversión de 'double' a 'int'; posible pérdida de datos
C:\Users\Dragomante\Documents\GitHub\TPV-I\Practicas\Practica1\ProyectosSDL\HolaSDL\Game.cpp(133,31): warning C4244: 'argumento': conversión de 'double' a 'int'; posible pérdida de datos
C:\Users\Dragomante\Documents\GitHub\TPV-I\Practicas\Practica1\ProyectosSDL\HolaSDL\Game.cpp(134,45): warning C4244: 'argumento': conversión de 'double' a 'int'; posible pérdida de datos
C:\Users\Dragomante\Documents\GitHub\TPV-I\Practicas\Practica1\ProyectosSDL\HolaSDL\Game.cpp(134,33): warning C4244: 'argumento': conversión de 'double' a 'int'; posible pérdida de datos
C:\Users\Dragomante\Documents\GitHub\TPV-I\Practicas\Practica1\ProyectosSDL\HolaSDL\Game.cpp(137,51): warning C4244: 'argumento': conversión de 'double' a 'int'; posible pérdida de datos
C:\Users\Dragomante\Documents\GitHub\TPV-I\Practicas\Practica1\ProyectosSDL\HolaSDL\Game.cpp(137,39): warning C4244: 'argumento': conversión de 'double' a 'int'; posible pérdida de datos
C:\Users\Dragomante\Documents\GitHub\TPV-I\Practicas\Practica1\ProyectosSDL\HolaSDL\Game.cpp(138,45): warning C4244: 'argumento': conversión de 'double' a 'int'; posible pérdida de datos
C:\Users\Dragomante\Documents\GitHub\TPV-I\Practicas\Practica1\ProyectosSDL\HolaSDL\Game.cpp(138,33): warning C4244: 'argumento': conversión de 'double' a 'int'; posible pérdida de datos
  GameMap.cpp
C:\Users\Dragomante\Documents\GitHub\TPV-I\Practicas\Practica1\ProyectosSDL\HolaSDL\Vector2D.h(14,70): warning C4244: 'argumento': conversión de 'double' a 'int'; posible pérdida de datos
C:\Users\Dragomante\Documents\GitHub\TPV-I\Practicas\Practica1\ProyectosSDL\HolaSDL\Vector2D.h(14,55): warning C4244: 'argumento': conversión de 'double' a 'int'; posible pérdida de datos
C:\Users\Dragomante\Documents\GitHub\TPV-I\Practicas\Practica1\ProyectosSDL\HolaSDL\Vector2D.h(16,71): warning C4244: 'argumento': conversión de 'double' a 'int'; posible pérdida de datos
C:\Users\Dragomante\Documents\GitHub\TPV-I\Practicas\Practica1\ProyectosSDL\HolaSDL\Vector2D.h(16,56): warning C4244: 'argumento': conversión de 'double' a 'int'; posible pérdida de datos
C:\Users\Dragomante\Documents\GitHub\TPV-I\Practicas\Practica1\ProyectosSDL\HolaSDL\Vector2D.h(18,74): warning C4244: 'argumento': conversión de 'double' a 'int'; posible pérdida de datos
C:\Users\Dragomante\Documents\GitHub\TPV-I\Practicas\Practica1\ProyectosSDL\HolaSDL\Vector2D.h(18,61): warning C4244: 'argumento': conversión de 'double' a 'int'; posible pérdida de datos
C:\Users\Dragomante\Documents\GitHub\TPV-I\Practicas\Practica1\ProyectosSDL\HolaSDL\Vector2D.h(19,76): warning C4244: 'argumento': conversión de 'double' a 'int'; posible pérdida de datos
C:\Users\Dragomante\Documents\GitHub\TPV-I\Practicas\Practica1\ProyectosSDL\HolaSDL\Vector2D.h(19,61): warning C4244: 'argumento': conversión de 'double' a 'int'; posible pérdida de datos
  Ghost.cpp
C:\Users\Dragomante\Documents\GitHub\TPV-I\Practicas\Practica1\ProyectosSDL\HolaSDL\Vector2D.h(14,70): warning C4244: 'argumento': conversión de 'double' a 'int'; posible pérdida de datos
C:\Users\Dragomante\Documents\GitHub\TPV-I\Practicas\Practica1\ProyectosSDL\HolaSDL\Vector2D.h(14,55): warning C4244: 'argumento': conversión de 'double' a 'int'; posible pérdida de datos
C:\Users\Dragomante\Documents\GitHub\TPV-I\Practicas\Practica1\ProyectosSDL\HolaSDL\Vector2D.h(16,71): warning C4244: 'argumento': conversión de 'double' a 'int'; posible pérdida de datos
C:\Users\Dragomante\Documents\GitHub\TPV-I\Practicas\Practica1\ProyectosSDL\HolaSDL\Vector2D.h(16,56): warning C4244: 'argumento': conversión de 'double' a 'int'; posible pérdida de datos
C:\Users\Dragomante\Documents\GitHub\TPV-I\Practicas\Practica1\ProyectosSDL\HolaSDL\Vector2D.h(18,74): warning C4244: 'argumento': conversión de 'double' a 'int'; posible pérdida de datos
C:\Users\Dragomante\Documents\GitHub\TPV-I\Practicas\Practica1\ProyectosSDL\HolaSDL\Vector2D.h(18,61): warning C4244: 'argumento': conversión de 'double' a 'int'; posible pérdida de datos
C:\Users\Dragomante\Documents\GitHub\TPV-I\Practicas\Practica1\ProyectosSDL\HolaSDL\Vector2D.h(19,76): warning C4244: 'argumento': conversión de 'double' a 'int'; posible pérdida de datos
C:\Users\Dragomante\Documents\GitHub\TPV-I\Practicas\Practica1\ProyectosSDL\HolaSDL\Vector2D.h(19,61): warning C4244: 'argumento': conversión de 'double' a 'int'; posible pérdida de datos
C:\Users\Dragomante\Documents\GitHub\TPV-I\Practicas\Practica1\ProyectosSDL\HolaSDL\Ghost.cpp(21,22): warning C4244: '=': conversión de 'double' a 'int'; posible pérdida de datos
C:\Users\Dragomante\Documents\GitHub\TPV-I\Practicas\Practica1\ProyectosSDL\HolaSDL\Ghost.cpp(22,22): warning C4244: '=': conversión de 'double' a 'int'; posible pérdida de datos
  Pacman.cpp
C:\Users\Dragomante\Documents\GitHub\TPV-I\Practicas\Practica1\ProyectosSDL\HolaSDL\Vector2D.h(14,70): warning C4244: 'argumento': conversión de 'double' a 'int'; posible pérdida de datos
C:\Users\Dragomante\Documents\GitHub\TPV-I\Practicas\Practica1\ProyectosSDL\HolaSDL\Vector2D.h(14,55): warning C4244: 'argumento': conversión de 'double' a 'int'; posible pérdida de datos
C:\Users\Dragomante\Documents\GitHub\TPV-I\Practicas\Practica1\ProyectosSDL\HolaSDL\Vector2D.h(16,71): warning C4244: 'argumento': conversión de 'double' a 'int'; posible pérdida de datos
C:\Users\Dragomante\Documents\GitHub\TPV-I\Practicas\Practica1\ProyectosSDL\HolaSDL\Vector2D.h(16,56): warning C4244: 'argumento': conversión de 'double' a 'int'; posible pérdida de datos
C:\Users\Dragomante\Documents\GitHub\TPV-I\Practicas\Practica1\ProyectosSDL\HolaSDL\Vector2D.h(18,74): warning C4244: 'argumento': conversión de 'double' a 'int'; posible pérdida de datos
C:\Users\Dragomante\Documents\GitHub\TPV-I\Practicas\Practica1\ProyectosSDL\HolaSDL\Vector2D.h(18,61): warning C4244: 'argumento': conversión de 'double' a 'int'; posible pérdida de datos
C:\Users\Dragomante\Documents\GitHub\TPV-I\Practicas\Practica1\ProyectosSDL\HolaSDL\Vector2D.h(19,76): warning C4244: 'argumento': conversión de 'double' a 'int'; posible pérdida de datos
C:\Users\Dragomante\Documents\GitHub\TPV-I\Practicas\Practica1\ProyectosSDL\HolaSDL\Vector2D.h(19,61): warning C4244: 'argumento': conversión de 'double' a 'int'; posible pérdida de datos
C:\Users\Dragomante\Documents\GitHub\TPV-I\Practicas\Practica1\ProyectosSDL\HolaSDL\Pacman.cpp(18,22): warning C4244: '=': conversión de 'double' a 'int'; posible pérdida de datos
C:\Users\Dragomante\Documents\GitHub\TPV-I\Practicas\Practica1\ProyectosSDL\HolaSDL\Pacman.cpp(19,22): warning C4244: '=': conversión de 'double' a 'int'; posible pérdida de datos
  main.cpp
C:\Program Files (x86)\Windows Kits\10\Include\10.0.19041.0\ucrt\crtdbg.h(307,1): warning C4005: '_malloca': redefinición de macro
C:\Program Files (x86)\Windows Kits\10\Include\10.0.19041.0\ucrt\malloc.h(124): message : vea la definición anterior de '_malloca'
C:\Users\Dragomante\Documents\GitHub\TPV-I\Practicas\Practica1\ProyectosSDL\HolaSDL\Vector2D.h(14,70): warning C4244: 'argumento': conversión de 'double' a 'int'; posible pérdida de datos
C:\Users\Dragomante\Documents\GitHub\TPV-I\Practicas\Practica1\ProyectosSDL\HolaSDL\Vector2D.h(14,55): warning C4244: 'argumento': conversión de 'double' a 'int'; posible pérdida de datos
C:\Users\Dragomante\Documents\GitHub\TPV-I\Practicas\Practica1\ProyectosSDL\HolaSDL\Vector2D.h(16,71): warning C4244: 'argumento': conversión de 'double' a 'int'; posible pérdida de datos
C:\Users\Dragomante\Documents\GitHub\TPV-I\Practicas\Practica1\ProyectosSDL\HolaSDL\Vector2D.h(16,56): warning C4244: 'argumento': conversión de 'double' a 'int'; posible pérdida de datos
C:\Users\Dragomante\Documents\GitHub\TPV-I\Practicas\Practica1\ProyectosSDL\HolaSDL\Vector2D.h(18,74): warning C4244: 'argumento': conversión de 'double' a 'int'; posible pérdida de datos
C:\Users\Dragomante\Documents\GitHub\TPV-I\Practicas\Practica1\ProyectosSDL\HolaSDL\Vector2D.h(18,61): warning C4244: 'argumento': conversión de 'double' a 'int'; posible pérdida de datos
C:\Users\Dragomante\Documents\GitHub\TPV-I\Practicas\Practica1\ProyectosSDL\HolaSDL\Vector2D.h(19,76): warning C4244: 'argumento': conversión de 'double' a 'int'; posible pérdida de datos
C:\Users\Dragomante\Documents\GitHub\TPV-I\Practicas\Practica1\ProyectosSDL\HolaSDL\Vector2D.h(19,61): warning C4244: 'argumento': conversión de 'double' a 'int'; posible pérdida de datos
  Generando código...
  HolaSDL.vcxproj -> C:\Users\Dragomante\Documents\GitHub\TPV-I\Practicas\Practica1\ProyectosSDL\bin\HolaSDLDebug.exe
